<?xml version="1.0" encoding="UTF-8"?>
<!-- Generated by org.testng.reporters.JUnitXMLReporter -->
<testsuite ignored="0" hostname="DESKTOP-V784LER" failures="0" tests="7" name="RadioButtonTest" time="8.929" errors="0" timestamp="2026-06-04T17:46:44 IST">
  <testcase classname="tests.RadioButtonTest" name="clickOnClose" time="2.132"/>
  <testcase classname="tests.RadioButtonTest" name="clickOnPractice" time="2.151"/>
  <testcase classname="tests.RadioButtonTest" name="clickOnElements" time="0.117"/>
  <testcase classname="tests.RadioButtonTest" name="clickOnRadioButton" time="0.165"/>
  <testcase classname="tests.RadioButtonTest" name="clickYesRadioButton" time="0.148"/>
  <testcase classname="tests.RadioButtonTest" name="clickOnImpressive" time="0.128"/>
  <testcase classname="tests.RadioButtonTest" name="clickNoRadioButton" time="0.075"/>
</testsuite> <!-- RadioButtonTest -->
