<?xml version="1.0" encoding="UTF-8"?>
<!-- Generated by org.testng.reporters.JUnitXMLReporter -->
<testsuite ignored="0" hostname="DESKTOP-V784LER" failures="0" tests="8" name="Test" time="15.865" errors="0" timestamp="2026-05-15T21:50:01 IST">
  <testcase classname="tests.LoginTest" name="clickOnClose" time="0.282"/>
  <testcase classname="tests.LoginTest" name="getTitle" time="0.02"/>
  <testcase classname="tests.LoginTest" name="getCurrentUrl" time="0.019"/>
  <testcase classname="tests.TextBoxTest" name="clickOnClose" time="0.22"/>
  <testcase classname="tests.TextBoxTest" name="clickOnPractice" time="2.413"/>
  <testcase classname="tests.TextBoxTest" name="clickOnElements" time="0.264"/>
  <testcase classname="tests.TextBoxTest" name="clickOntextBox" time="0.247"/>
  <testcase classname="tests.TextBoxTest" name="filldetails" time="1.005"/>
</testsuite> <!-- Test -->
