<?xml version="1.0" encoding="UTF-8"?>
<!-- Generated by org.testng.reporters.JUnitXMLReporter -->
<testsuite ignored="0" hostname="DESKTOP-V784LER" failures="1" tests="6" name="TextBoxTest" time="9.693" errors="0" timestamp="2026-06-04T17:46:26 IST">
  <testcase classname="tests.TextBoxTest" name="clickOnClose" time="2.1"/>
  <testcase classname="tests.TextBoxTest" name="clickOnPractice" time="2.139"/>
  <testcase classname="tests.TextBoxTest" name="clickOnElements" time="0.102"/>
  <testcase classname="tests.TextBoxTest" name="clickOntextBox" time="0.086"/>
  <testcase classname="tests.TextBoxTest" name="filldetails" time="1.284"/>
  <testcase classname="tests.TextBoxTest" name="validate" time="0.674">
    <failure type="java.lang.AssertionError" message="expected [Name :-] but found [Aman]">
      <![CDATA[java.lang.AssertionError: expected [Name :-] but found [Aman]
at pages.TextBoxPage.validate(TextBoxPage.java:99)
at tests.TextBoxTest.validate(TextBoxTest.java:44)
at java.base/java.util.ArrayList.forEach(ArrayList.java:1604)
... Removed 31 stack frames]]>
    </failure>
  </testcase> <!-- validate -->
</testsuite> <!-- TextBoxTest -->
