<?xml version="1.0" encoding="UTF-8"?>
<!-- Generated by org.testng.reporters.JUnitReportReporter -->
<testsuite hostname="DESKTOP-V784LER" failures="0" tests="3" name="tests.LoginTest" time="0.143" errors="0" timestamp="2026-06-04T17:46:51 IST" skipped="0">
  <testcase classname="tests.LoginTest" name="clickOnClose" time="0.121"/>
  <testcase classname="tests.LoginTest" name="getTitle" time="0.015"/>
  <testcase classname="tests.LoginTest" name="getCurrentUrl" time="0.007"/>
</testsuite> <!-- tests.LoginTest -->
