<?xml version="1.0" encoding="UTF-8"?>
<!-- Generated by org.testng.reporters.JUnitXMLReporter -->
<testsuite ignored="0" hostname="DESKTOP-V784LER" failures="0" tests="4" name="Default test(failed)" time="0.122" errors="0" timestamp="2026-05-15T15:43:44 IST">
  <testcase classname="tests.TextBoxTest" name="@BeforeTest launchUrl" time="0.016">
    <failure type="java.lang.StackOverflowError">
      <![CDATA[java.lang.StackOverflowError
at tests.TextBoxTest.launchUrl(TextBoxTest.java:14)
at tests.TextBoxTest.launchUrl(TextBoxTest.java:14)
at tests.TextBoxTest.launchUrl(TextBoxTest.java:14)
at tests.TextBoxTest.launchUrl(TextBoxTest.java:14)
at tests.TextBoxTest.launchUrl(TextBoxTest.java:14)
at tests.TextBoxTest.launchUrl(TextBoxTest.java:14)
at tests.TextBoxTest.launchUrl(TextBoxTest.java:14)
at tests.TextBoxTest.launchUrl(TextBoxTest.java:14)
at tests.TextBoxTest.launchUrl(TextBoxTest.java:14)
at tests.TextBoxTest.launchUrl(TextBoxTest.java:14)
at tests.TextBoxTest.launchUrl(TextBoxTest.java:14)
at tests.TextBoxTest.launchUrl(TextBoxTest.java:14)
at tests.TextBoxTest.launchUrl(TextBoxTest.java:14)
at tests.TextBoxTest.launchUrl(TextBoxTest.java:14)
at tests.TextBoxTest.launchUrl(TextBoxTest.java:14)
at tests.TextBoxTest.launchUrl(TextBoxTest.java:14)
at tests.TextBoxTest.launchUrl(TextBoxTest.java:14)
at tests.TextBoxTest.launchUrl(TextBoxTest.java:14)
at tests.TextBoxTest.launchUrl(TextBoxTest.java:14)
at tests.TextBoxTest.launchUrl(TextBoxTest.java:14)
at tests.TextBoxTest.launchUrl(TextBoxTest.java:14)
at tests.TextBoxTest.launchUrl(TextBoxTest.java:14)
at tests.TextBoxTest.launchUrl(TextBoxTest.java:14)
at tests.TextBoxTest.launchUrl(TextBoxTest.java:14)
at tests.TextBoxTest.launchUrl(TextBoxTest.java:14)
at tests.TextBoxTest.launchUrl(TextBoxTest.java:14)
at tests.TextBoxTest.launchUrl(TextBoxTest.java:14)
at tests.TextBoxTest.launchUrl(TextBoxTest.java:14)
at tests.TextBoxTest.launchUrl(TextBoxTest.java:14)
at tests.TextBoxTest.launchUrl(TextBoxTest.java:14)
at tests.TextBoxTest.launchUrl(TextBoxTest.java:14)
at tests.TextBoxTest.launchUrl(TextBoxTest.java:14)
at tests.TextBoxTest.launchUrl(TextBoxTest.java:14)
at tests.TextBoxTest.launchUrl(TextBoxTest.java:14)
at tests.TextBoxTest.launchUrl(TextBoxTest.java:14)
at tests.TextBoxTest.launchUrl(TextBoxTest.java:14)
at tests.TextBoxTest.launchUrl(TextBoxTest.java:14)
at tests.TextBoxTest.launchUrl(TextBoxTest.java:14)
at tests.TextBoxTest.launchUrl(TextBoxTest.java:14)
at tests.TextBoxTest.launchUrl(TextBoxTest.java:14)
at tests.TextBoxTest.launchUrl(TextBoxTest.java:14)
at tests.TextBoxTest.launchUrl(TextBoxTest.java:14)
at tests.TextBoxTest.launchUrl(TextBoxTest.java:14)
at tests.TextBoxTest.launchUrl(TextBoxTest.java:14)
at tests.TextBoxTest.launchUrl(TextBoxTest.java:14)
at tests.TextBoxTest.launchUrl(TextBoxTest.java:14)
at tests.TextBoxTest.launchUrl(TextBoxTest.java:14)
at tests.TextBoxTest.launchUrl(TextBoxTest.java:14)
at tests.TextBoxTest.launchUrl(TextBoxTest.java:14)
at tests.TextBoxTest.launchUrl(TextBoxTest.java:14)
at tests.TextBoxTest.launchUrl(TextBoxTest.java:14)
at tests.TextBoxTest.launchUrl(TextBoxTest.java:14)
at tests.TextBoxTest.launchUrl(TextBoxTest.java:14)
at tests.TextBoxTest.launchUrl(TextBoxTest.java:14)
at tests.TextBoxTest.launchUrl(TextBoxTest.java:14)
at tests.TextBoxTest.launchUrl(TextBoxTest.java:14)
at tests.TextBoxTest.launchUrl(TextBoxTest.java:14)
at tests.TextBoxTest.launchUrl(TextBoxTest.java:14)
at tests.TextBoxTest.launchUrl(TextBoxTest.java:14)
at tests.TextBoxTest.launchUrl(TextBoxTest.java:14)
at tests.TextBoxTest.launchUrl(TextBoxTest.java:14)
at tests.TextBoxTest.launchUrl(TextBoxTest.java:14)
at tests.TextBoxTest.launchUrl(TextBoxTest.java:14)
at tests.TextBoxTest.launchUrl(TextBoxTest.java:14)
at tests.TextBoxTest.launchUrl(TextBoxTest.java:14)
at tests.TextBoxTest.launchUrl(TextBoxTest.java:14)
at tests.TextBoxTest.launchUrl(TextBoxTest.java:14)
at tests.TextBoxTest.launchUrl(TextBoxTest.java:14)
at tests.TextBoxTest.launchUrl(TextBoxTest.java:14)
at tests.TextBoxTest.launchUrl(TextBoxTest.java:14)
at tests.TextBoxTest.launchUrl(TextBoxTest.java:14)
at tests.TextBoxTest.launchUrl(TextBoxTest.java:14)
at tests.TextBoxTest.launchUrl(TextBoxTest.java:14)
at tests.TextBoxTest.launchUrl(TextBoxTest.java:14)
at tests.TextBoxTest.launchUrl(TextBoxTest.java:14)
at tests.TextBoxTest.launchUrl(TextBoxTest.java:14)
at tests.TextBoxTest.launchUrl(TextBoxTest.java:14)
at tests.TextBoxTest.launchUrl(TextBoxTest.java:14)
at tests.TextBoxTest.launchUrl(TextBoxTest.java:14)
at tests.TextBoxTest.launchUrl(TextBoxTest.java:14)
at tests.TextBoxTest.launchUrl(TextBoxTest.java:14)
at tests.TextBoxTest.launchUrl(TextBoxTest.java:14)
at tests.TextBoxTest.launchUrl(TextBoxTest.java:14)
at tests.TextBoxTest.launchUrl(TextBoxTest.java:14)
at tests.TextBoxTest.launchUrl(TextBoxTest.java:14)
at tests.TextBoxTest.launchUrl(TextBoxTest.java:14)
at tests.TextBoxTest.launchUrl(TextBoxTest.java:14)
at tests.TextBoxTest.launchUrl(TextBoxTest.java:14)
at tests.TextBoxTest.launchUrl(TextBoxTest.java:14)
at tests.TextBoxTest.launchUrl(TextBoxTest.java:14)
at tests.TextBoxTest.launchUrl(TextBoxTest.java:14)
at tests.TextBoxTest.launchUrl(TextBoxTest.java:14)
at tests.TextBoxTest.launchUrl(TextBoxTest.java:14)
at tests.TextBoxTest.launchUrl(TextBoxTest.java:14)
at tests.TextBoxTest.launchUrl(TextBoxTest.java:14)
at tests.TextBoxTest.launchUrl(TextBoxTest.java:14)
at tests.TextBoxTest.launchUrl(TextBoxTest.java:14)
at tests.TextBoxTest.launchUrl(TextBoxTest.java:14)
at tests.TextBoxTest.launchUrl(TextBoxTest.java:14)
at tests.TextBoxTest.launchUrl(TextBoxTest.java:14)
at tests.TextBoxTest.launchUrl(TextBoxTest.java:14)
at tests.TextBoxTest.launchUrl(TextBoxTest.java:14)
at tests.TextBoxTest.launchUrl(TextBoxTest.java:14)
at tests.TextBoxTest.launchUrl(TextBoxTest.java:14)
at tests.TextBoxTest.launchUrl(TextBoxTest.java:14)
at tests.TextBoxTest.launchUrl(TextBoxTest.java:14)
at tests.TextBoxTest.launchUrl(TextBoxTest.java:14)
at tests.TextBoxTest.launchUrl(TextBoxTest.java:14)
at tests.TextBoxTest.launchUrl(TextBoxTest.java:14)
at tests.TextBoxTest.launchUrl(TextBoxTest.java:14)
at tests.TextBoxTest.launchUrl(TextBoxTest.java:14)
at tests.TextBoxTest.launchUrl(TextBoxTest.java:14)
at tests.TextBoxTest.launchUrl(TextBoxTest.java:14)
at tests.TextBoxTest.launchUrl(TextBoxTest.java:14)
at tests.TextBoxTest.launchUrl(TextBoxTest.java:14)
at tests.TextBoxTest.launchUrl(TextBoxTest.java:14)
at tests.TextBoxTest.launchUrl(TextBoxTest.java:14)
at tests.TextBoxTest.launchUrl(TextBoxTest.java:14)
at tests.TextBoxTest.launchUrl(TextBoxTest.java:14)
at tests.TextBoxTest.launchUrl(TextBoxTest.java:14)
at tests.TextBoxTest.launchUrl(TextBoxTest.java:14)
at tests.TextBoxTest.launchUrl(TextBoxTest.java:14)
at tests.TextBoxTest.launchUrl(TextBoxTest.java:14)
at tests.TextBoxTest.launchUrl(TextBoxTest.java:14)
at tests.TextBoxTest.launchUrl(TextBoxTest.java:14)
at tests.TextBoxTest.launchUrl(TextBoxTest.java:14)
at tests.TextBoxTest.launchUrl(TextBoxTest.java:14)
at tests.TextBoxTest.launchUrl(TextBoxTest.java:14)
at tests.TextBoxTest.launchUrl(TextBoxTest.java:14)
at tests.TextBoxTest.launchUrl(TextBoxTest.java:14)
at tests.TextBoxTest.launchUrl(TextBoxTest.java:14)
at tests.TextBoxTest.launchUrl(TextBoxTest.java:14)
at tests.TextBoxTest.launchUrl(TextBoxTest.java:14)
at tests.TextBoxTest.launchUrl(TextBoxTest.java:14)
at tests.TextBoxTest.launchUrl(TextBoxTest.java:14)
at tests.TextBoxTest.launchUrl(TextBoxTest.java:14)
at tests.TextBoxTest.launchUrl(TextBoxTest.java:14)
at tests.TextBoxTest.launchUrl(TextBoxTest.java:14)
at tests.TextBoxTest.launchUrl(TextBoxTest.java:14)
at tests.TextBoxTest.launchUrl(TextBoxTest.java:14)
at tests.TextBoxTest.launchUrl(TextBoxTest.java:14)
at tests.TextBoxTest.launchUrl(TextBoxTest.java:14)
at tests.TextBoxTest.launchUrl(TextBoxTest.java:14)
at tests.TextBoxTest.launchUrl(TextBoxTest.java:14)
at tests.TextBoxTest.launchUrl(TextBoxTest.java:14)
at tests.TextBoxTest.launchUrl(TextBoxTest.java:14)
at tests.TextBoxTest.launchUrl(TextBoxTest.java:14)
at tests.TextBoxTest.launchUrl(TextBoxTest.java:14)
at tests.TextBoxTest.launchUrl(TextBoxTest.java:14)
at tests.TextBoxTest.launchUrl(TextBoxTest.java:14)
at tests.TextBoxTest.launchUrl(TextBoxTest.java:14)
at tests.TextBoxTest.launchUrl(TextBoxTest.java:14)
at tests.TextBoxTest.launchUrl(TextBoxTest.java:14)
at tests.TextBoxTest.launchUrl(TextBoxTest.java:14)
at tests.TextBoxTest.launchUrl(TextBoxTest.java:14)
at tests.TextBoxTest.launchUrl(TextBoxTest.java:14)
at tests.TextBoxTest.launchUrl(TextBoxTest.java:14)
at tests.TextBoxTest.launchUrl(TextBoxTest.java:14)
at tests.TextBoxTest.launchUrl(TextBoxTest.java:14)
at tests.TextBoxTest.launchUrl(TextBoxTest.java:14)
at tests.TextBoxTest.launchUrl(TextBoxTest.java:14)
at tests.TextBoxTest.launchUrl(TextBoxTest.java:14)
at tests.TextBoxTest.launchUrl(TextBoxTest.java:14)
at tests.TextBoxTest.launchUrl(TextBoxTest.java:14)
at tests.TextBoxTest.launchUrl(TextBoxTest.java:14)
at tests.TextBoxTest.launchUrl(TextBoxTest.java:14)
at tests.TextBoxTest.launchUrl(TextBoxTest.java:14)
at tests.TextBoxTest.launchUrl(TextBoxTest.java:14)
at tests.TextBoxTest.launchUrl(TextBoxTest.java:14)
at tests.TextBoxTest.launchUrl(TextBoxTest.java:14)
at tests.TextBoxTest.launchUrl(TextBoxTest.java:14)
at tests.TextBoxTest.launchUrl(TextBoxTest.java:14)
at tests.TextBoxTest.launchUrl(TextBoxTest.java:14)
at tests.TextBoxTest.launchUrl(TextBoxTest.java:14)
at tests.TextBoxTest.launchUrl(TextBoxTest.java:14)
at tests.TextBoxTest.launchUrl(TextBoxTest.java:14)
at tests.TextBoxTest.launchUrl(TextBoxTest.java:14)
at tests.TextBoxTest.launchUrl(TextBoxTest.java:14)
at tests.TextBoxTest.launchUrl(TextBoxTest.java:14)
at tests.TextBoxTest.launchUrl(TextBoxTest.java:14)
at tests.TextBoxTest.launchUrl(TextBoxTest.java:14)
at tests.TextBoxTest.launchUrl(TextBoxTest.java:14)
at tests.TextBoxTest.launchUrl(TextBoxTest.java:14)
at tests.TextBoxTest.launchUrl(TextBoxTest.java:14)
at tests.TextBoxTest.launchUrl(TextBoxTest.java:14)
at tests.TextBoxTest.launchUrl(TextBoxTest.java:14)
at tests.TextBoxTest.launchUrl(TextBoxTest.java:14)
at tests.TextBoxTest.launchUrl(TextBoxTest.java:14)
at tests.TextBoxTest.launchUrl(TextBoxTest.java:14)
at tests.TextBoxTest.launchUrl(TextBoxTest.java:14)
at tests.TextBoxTest.launchUrl(TextBoxTest.java:14)
at tests.TextBoxTest.launchUrl(TextBoxTest.java:14)
at tests.TextBoxTest.launchUrl(TextBoxTest.java:14)
at tests.TextBoxTest.launchUrl(TextBoxTest.java:14)
at tests.TextBoxTest.launchUrl(TextBoxTest.java:14)
at tests.TextBoxTest.launchUrl(TextBoxTest.java:14)
at tests.TextBoxTest.launchUrl(TextBoxTest.java:14)
at tests.TextBoxTest.launchUrl(TextBoxTest.java:14)
at tests.TextBoxTest.launchUrl(TextBoxTest.java:14)
at tests.TextBoxTest.launchUrl(TextBoxTest.java:14)
at tests.TextBoxTest.launchUrl(TextBoxTest.java:14)
at tests.TextBoxTest.launchUrl(TextBoxTest.java:14)
at tests.TextBoxTest.launchUrl(TextBoxTest.java:14)
at tests.TextBoxTest.launchUrl(TextBoxTest.java:14)
at tests.TextBoxTest.launchUrl(TextBoxTest.java:14)
at tests.TextBoxTest.launchUrl(TextBoxTest.java:14)
at tests.TextBoxTest.launchUrl(TextBoxTest.java:14)
at tests.TextBoxTest.launchUrl(TextBoxTest.java:14)
at tests.TextBoxTest.launchUrl(TextBoxTest.java:14)
at tests.TextBoxTest.launchUrl(TextBoxTest.java:14)
at tests.TextBoxTest.launchUrl(TextBoxTest.java:14)
at tests.TextBoxTest.launchUrl(TextBoxTest.java:14)
at tests.TextBoxTest.launchUrl(TextBoxTest.java:14)
at tests.TextBoxTest.launchUrl(TextBoxTest.java:14)
at tests.TextBoxTest.launchUrl(TextBoxTest.java:14)
at tests.TextBoxTest.launchUrl(TextBoxTest.java:14)
at tests.TextBoxTest.launchUrl(TextBoxTest.java:14)
at tests.TextBoxTest.launchUrl(TextBoxTest.java:14)
at tests.TextBoxTest.launchUrl(TextBoxTest.java:14)
at tests.TextBoxTest.launchUrl(TextBoxTest.java:14)
at tests.TextBoxTest.launchUrl(TextBoxTest.java:14)
at tests.TextBoxTest.launchUrl(TextBoxTest.java:14)
at tests.TextBoxTest.launchUrl(TextBoxTest.java:14)
at tests.TextBoxTest.launchUrl(TextBoxTest.java:14)
at tests.TextBoxTest.launchUrl(TextBoxTest.java:14)
at tests.TextBoxTest.launchUrl(TextBoxTest.java:14)
at tests.TextBoxTest.launchUrl(TextBoxTest.java:14)
at tests.TextBoxTest.launchUrl(TextBoxTest.java:14)
at tests.TextBoxTest.launchUrl(TextBoxTest.java:14)
at tests.TextBoxTest.launchUrl(TextBoxTest.java:14)
at tests.TextBoxTest.launchUrl(TextBoxTest.java:14)
at tests.TextBoxTest.launchUrl(TextBoxTest.java:14)
at tests.TextBoxTest.launchUrl(TextBoxTest.java:14)
at tests.TextBoxTest.launchUrl(TextBoxTest.java:14)
at tests.TextBoxTest.launchUrl(TextBoxTest.java:14)
at tests.TextBoxTest.launchUrl(TextBoxTest.java:14)
at tests.TextBoxTest.launchUrl(TextBoxTest.java:14)
at tests.TextBoxTest.launchUrl(TextBoxTest.java:14)
at tests.TextBoxTest.launchUrl(TextBoxTest.java:14)
at tests.TextBoxTest.launchUrl(TextBoxTest.java:14)
at tests.TextBoxTest.launchUrl(TextBoxTest.java:14)
at tests.TextBoxTest.launchUrl(TextBoxTest.java:14)
at tests.TextBoxTest.launchUrl(TextBoxTest.java:14)
at tests.TextBoxTest.launchUrl(TextBoxTest.java:14)
at tests.TextBoxTest.launchUrl(TextBoxTest.java:14)
at tests.TextBoxTest.launchUrl(TextBoxTest.java:14)
at tests.TextBoxTest.launchUrl(TextBoxTest.java:14)
at tests.TextBoxTest.launchUrl(TextBoxTest.java:14)
at tests.TextBoxTest.launchUrl(TextBoxTest.java:14)
at tests.TextBoxTest.launchUrl(TextBoxTest.java:14)
at tests.TextBoxTest.launchUrl(TextBoxTest.java:14)
at tests.TextBoxTest.launchUrl(TextBoxTest.java:14)
at tests.TextBoxTest.launchUrl(TextBoxTest.java:14)
at tests.TextBoxTest.launchUrl(TextBoxTest.java:14)
at tests.TextBoxTest.launchUrl(TextBoxTest.java:14)
at tests.TextBoxTest.launchUrl(TextBoxTest.java:14)
at tests.TextBoxTest.launchUrl(TextBoxTest.java:14)
at tests.TextBoxTest.launchUrl(TextBoxTest.java:14)
at tests.TextBoxTest.launchUrl(TextBoxTest.java:14)
at tests.TextBoxTest.launchUrl(TextBoxTest.java:14)
at tests.TextBoxTest.launchUrl(TextBoxTest.java:14)
at tests.TextBoxTest.launchUrl(TextBoxTest.java:14)
at tests.TextBoxTest.launchUrl(TextBoxTest.java:14)
at tests.TextBoxTest.launchUrl(TextBoxTest.java:14)
at tests.TextBoxTest.launchUrl(TextBoxTest.java:14)
at tests.TextBoxTest.launchUrl(TextBoxTest.java:14)
at tests.TextBoxTest.launchUrl(TextBoxTest.java:14)
at tests.TextBoxTest.launchUrl(TextBoxTest.java:14)
at tests.TextBoxTest.launchUrl(TextBoxTest.java:14)
at tests.TextBoxTest.launchUrl(TextBoxTest.java:14)
at tests.TextBoxTest.launchUrl(TextBoxTest.java:14)
at tests.TextBoxTest.launchUrl(TextBoxTest.java:14)
at tests.TextBoxTest.launchUrl(TextBoxTest.java:14)
at tests.TextBoxTest.launchUrl(TextBoxTest.java:14)
at tests.TextBoxTest.launchUrl(TextBoxTest.java:14)
at tests.TextBoxTest.launchUrl(TextBoxTest.java:14)
at tests.TextBoxTest.launchUrl(TextBoxTest.java:14)
at tests.TextBoxTest.launchUrl(TextBoxTest.java:14)
at tests.TextBoxTest.launchUrl(TextBoxTest.java:14)
at tests.TextBoxTest.launchUrl(TextBoxTest.java:14)
at tests.TextBoxTest.launchUrl(TextBoxTest.java:14)
at tests.TextBoxTest.launchUrl(TextBoxTest.java:14)
at tests.TextBoxTest.launchUrl(TextBoxTest.java:14)
at tests.TextBoxTest.launchUrl(TextBoxTest.java:14)
at tests.TextBoxTest.launchUrl(TextBoxTest.java:14)
at tests.TextBoxTest.launchUrl(TextBoxTest.java:14)
at tests.TextBoxTest.launchUrl(TextBoxTest.java:14)
at tests.TextBoxTest.launchUrl(TextBoxTest.java:14)
at tests.TextBoxTest.launchUrl(TextBoxTest.java:14)
at tests.TextBoxTest.launchUrl(TextBoxTest.java:14)
at tests.TextBoxTest.launchUrl(TextBoxTest.java:14)
at tests.TextBoxTest.launchUrl(TextBoxTest.java:14)
at tests.TextBoxTest.launchUrl(TextBoxTest.java:14)
at tests.TextBoxTest.launchUrl(TextBoxTest.java:14)
at tests.TextBoxTest.launchUrl(TextBoxTest.java:14)
at tests.TextBoxTest.launchUrl(TextBoxTest.java:14)
at tests.TextBoxTest.launchUrl(TextBoxTest.java:14)
at tests.TextBoxTest.launchUrl(TextBoxTest.java:14)
at tests.TextBoxTest.launchUrl(TextBoxTest.java:14)
at tests.TextBoxTest.launchUrl(TextBoxTest.java:14)
at tests.TextBoxTest.launchUrl(TextBoxTest.java:14)
at tests.TextBoxTest.launchUrl(TextBoxTest.java:14)
at tests.TextBoxTest.launchUrl(TextBoxTest.java:14)
at tests.TextBoxTest.launchUrl(TextBoxTest.java:14)
at tests.TextBoxTest.launchUrl(TextBoxTest.java:14)
at tests.TextBoxTest.launchUrl(TextBoxTest.java:14)
at tests.TextBoxTest.launchUrl(TextBoxTest.java:14)
at tests.TextBoxTest.launchUrl(TextBoxTest.java:14)
at tests.TextBoxTest.launchUrl(TextBoxTest.java:14)
at tests.TextBoxTest.launchUrl(TextBoxTest.java:14)
at tests.TextBoxTest.launchUrl(TextBoxTest.java:14)
at tests.TextBoxTest.launchUrl(TextBoxTest.java:14)
at tests.TextBoxTest.launchUrl(TextBoxTest.java:14)
at tests.TextBoxTest.launchUrl(TextBoxTest.java:14)
at tests.TextBoxTest.launchUrl(TextBoxTest.java:14)
at tests.TextBoxTest.launchUrl(TextBoxTest.java:14)
at tests.TextBoxTest.launchUrl(TextBoxTest.java:14)
at tests.TextBoxTest.launchUrl(TextBoxTest.java:14)
at tests.TextBoxTest.launchUrl(TextBoxTest.java:14)
at tests.TextBoxTest.launchUrl(TextBoxTest.java:14)
at tests.TextBoxTest.launchUrl(TextBoxTest.java:14)
at tests.TextBoxTest.launchUrl(TextBoxTest.java:14)
at tests.TextBoxTest.launchUrl(TextBoxTest.java:14)
at tests.TextBoxTest.launchUrl(TextBoxTest.java:14)
at tests.TextBoxTest.launchUrl(TextBoxTest.java:14)
at tests.TextBoxTest.launchUrl(TextBoxTest.java:14)
at tests.TextBoxTest.launchUrl(TextBoxTest.java:14)
at tests.TextBoxTest.launchUrl(TextBoxTest.java:14)
at tests.TextBoxTest.launchUrl(TextBoxTest.java:14)
at tests.TextBoxTest.launchUrl(TextBoxTest.java:14)
at tests.TextBoxTest.launchUrl(TextBoxTest.java:14)
at tests.TextBoxTest.launchUrl(TextBoxTest.java:14)
at tests.TextBoxTest.launchUrl(TextBoxTest.java:14)
at tests.TextBoxTest.launchUrl(TextBoxTest.java:14)
at tests.TextBoxTest.launchUrl(TextBoxTest.java:14)
at tests.TextBoxTest.launchUrl(TextBoxTest.java:14)
at tests.TextBoxTest.launchUrl(TextBoxTest.java:14)
at tests.TextBoxTest.launchUrl(TextBoxTest.java:14)
at tests.TextBoxTest.launchUrl(TextBoxTest.java:14)
at tests.TextBoxTest.launchUrl(TextBoxTest.java:14)
at tests.TextBoxTest.launchUrl(TextBoxTest.java:14)
at tests.TextBoxTest.launchUrl(TextBoxTest.java:14)
at tests.TextBoxTest.launchUrl(TextBoxTest.java:14)
at tests.TextBoxTest.launchUrl(TextBoxTest.java:14)
at tests.TextBoxTest.launchUrl(TextBoxTest.java:14)
at tests.TextBoxTest.launchUrl(TextBoxTest.java:14)
at tests.TextBoxTest.launchUrl(TextBoxTest.java:14)
at tests.TextBoxTest.launchUrl(TextBoxTest.java:14)
at tests.TextBoxTest.launchUrl(TextBoxTest.java:14)
at tests.TextBoxTest.launchUrl(TextBoxTest.java:14)
at tests.TextBoxTest.launchUrl(TextBoxTest.java:14)
at tests.TextBoxTest.launchUrl(TextBoxTest.java:14)
at tests.TextBoxTest.launchUrl(TextBoxTest.java:14)
at tests.TextBoxTest.launchUrl(TextBoxTest.java:14)
at tests.TextBoxTest.launchUrl(TextBoxTest.java:14)
at tests.TextBoxTest.launchUrl(TextBoxTest.java:14)
at tests.TextBoxTest.launchUrl(TextBoxTest.java:14)
at tests.TextBoxTest.launchUrl(TextBoxTest.java:14)
at tests.TextBoxTest.launchUrl(TextBoxTest.java:14)
at tests.TextBoxTest.launchUrl(TextBoxTest.java:14)
at tests.TextBoxTest.launchUrl(TextBoxTest.java:14)
at tests.TextBoxTest.launchUrl(TextBoxTest.java:14)
at tests.TextBoxTest.launchUrl(TextBoxTest.java:14)
at tests.TextBoxTest.launchUrl(TextBoxTest.java:14)
at tests.TextBoxTest.launchUrl(TextBoxTest.java:14)
at tests.TextBoxTest.launchUrl(TextBoxTest.java:14)
at tests.TextBoxTest.launchUrl(TextBoxTest.java:14)
at tests.TextBoxTest.launchUrl(TextBoxTest.java:14)
at tests.TextBoxTest.launchUrl(TextBoxTest.java:14)
at tests.TextBoxTest.launchUrl(TextBoxTest.java:14)
at tests.TextBoxTest.launchUrl(TextBoxTest.java:14)
at tests.TextBoxTest.launchUrl(TextBoxTest.java:14)
at tests.TextBoxTest.launchUrl(TextBoxTest.java:14)
at tests.TextBoxTest.launchUrl(TextBoxTest.java:14)
at tests.TextBoxTest.launchUrl(TextBoxTest.java:14)
at tests.TextBoxTest.launchUrl(TextBoxTest.java:14)
at tests.TextBoxTest.launchUrl(TextBoxTest.java:14)
at tests.TextBoxTest.launchUrl(TextBoxTest.java:14)
at tests.TextBoxTest.launchUrl(TextBoxTest.java:14)
at tests.TextBoxTest.launchUrl(TextBoxTest.java:14)
at tests.TextBoxTest.launchUrl(TextBoxTest.java:14)
at tests.TextBoxTest.launchUrl(TextBoxTest.java:14)
at tests.TextBoxTest.launchUrl(TextBoxTest.java:14)
at tests.TextBoxTest.launchUrl(TextBoxTest.java:14)
at tests.TextBoxTest.launchUrl(TextBoxTest.java:14)
at tests.TextBoxTest.launchUrl(TextBoxTest.java:14)
at tests.TextBoxTest.launchUrl(TextBoxTest.java:14)
at tests.TextBoxTest.launchUrl(TextBoxTest.java:14)
at tests.TextBoxTest.launchUrl(TextBoxTest.java:14)
at tests.TextBoxTest.launchUrl(TextBoxTest.java:14)
at tests.TextBoxTest.launchUrl(TextBoxTest.java:14)
at tests.TextBoxTest.launchUrl(TextBoxTest.java:14)
at tests.TextBoxTest.launchUrl(TextBoxTest.java:14)
at tests.TextBoxTest.launchUrl(TextBoxTest.java:14)
at tests.TextBoxTest.launchUrl(TextBoxTest.java:14)
at tests.TextBoxTest.launchUrl(TextBoxTest.java:14)
at tests.TextBoxTest.launchUrl(TextBoxTest.java:14)
at tests.TextBoxTest.launchUrl(TextBoxTest.java:14)
at tests.TextBoxTest.launchUrl(TextBoxTest.java:14)
at tests.TextBoxTest.launchUrl(TextBoxTest.java:14)
at tests.TextBoxTest.launchUrl(TextBoxTest.java:14)
at tests.TextBoxTest.launchUrl(TextBoxTest.java:14)
at tests.TextBoxTest.launchUrl(TextBoxTest.java:14)
at tests.TextBoxTest.launchUrl(TextBoxTest.java:14)
at tests.TextBoxTest.launchUrl(TextBoxTest.java:14)
at tests.TextBoxTest.launchUrl(TextBoxTest.java:14)
at tests.TextBoxTest.launchUrl(TextBoxTest.java:14)
at tests.TextBoxTest.launchUrl(TextBoxTest.java:14)
at tests.TextBoxTest.launchUrl(TextBoxTest.java:14)
at tests.TextBoxTest.launchUrl(TextBoxTest.java:14)
at tests.TextBoxTest.launchUrl(TextBoxTest.java:14)
at tests.TextBoxTest.launchUrl(TextBoxTest.java:14)
at tests.TextBoxTest.launchUrl(TextBoxTest.java:14)
at tests.TextBoxTest.launchUrl(TextBoxTest.java:14)
at tests.TextBoxTest.launchUrl(TextBoxTest.java:14)
at tests.TextBoxTest.launchUrl(TextBoxTest.java:14)
at tests.TextBoxTest.launchUrl(TextBoxTest.java:14)
at tests.TextBoxTest.launchUrl(TextBoxTest.java:14)
at tests.TextBoxTest.launchUrl(TextBoxTest.java:14)
at tests.TextBoxTest.launchUrl(TextBoxTest.java:14)
at tests.TextBoxTest.launchUrl(TextBoxTest.java:14)
at tests.TextBoxTest.launchUrl(TextBoxTest.java:14)
at tests.TextBoxTest.launchUrl(TextBoxTest.java:14)
at tests.TextBoxTest.launchUrl(TextBoxTest.java:14)
at tests.TextBoxTest.launchUrl(TextBoxTest.java:14)
at tests.TextBoxTest.launchUrl(TextBoxTest.java:14)
at tests.TextBoxTest.launchUrl(TextBoxTest.java:14)
at tests.TextBoxTest.launchUrl(TextBoxTest.java:14)
at tests.TextBoxTest.launchUrl(TextBoxTest.java:14)
at tests.TextBoxTest.launchUrl(TextBoxTest.java:14)
at tests.TextBoxTest.launchUrl(TextBoxTest.java:14)
at tests.TextBoxTest.launchUrl(TextBoxTest.java:14)
at tests.TextBoxTest.launchUrl(TextBoxTest.java:14)
at tests.TextBoxTest.launchUrl(TextBoxTest.java:14)
at tests.TextBoxTest.launchUrl(TextBoxTest.java:14)
at tests.TextBoxTest.launchUrl(TextBoxTest.java:14)
at tests.TextBoxTest.launchUrl(TextBoxTest.java:14)
at tests.TextBoxTest.launchUrl(TextBoxTest.java:14)
at tests.TextBoxTest.launchUrl(TextBoxTest.java:14)
at tests.TextBoxTest.launchUrl(TextBoxTest.java:14)
at tests.TextBoxTest.launchUrl(TextBoxTest.java:14)
at tests.TextBoxTest.launchUrl(TextBoxTest.java:14)
at tests.TextBoxTest.launchUrl(TextBoxTest.java:14)
at tests.TextBoxTest.launchUrl(TextBoxTest.java:14)
at tests.TextBoxTest.launchUrl(TextBoxTest.java:14)
at tests.TextBoxTest.launchUrl(TextBoxTest.java:14)
at tests.TextBoxTest.launchUrl(TextBoxTest.java:14)
at tests.TextBoxTest.launchUrl(TextBoxTest.java:14)
at tests.TextBoxTest.launchUrl(TextBoxTest.java:14)
at tests.TextBoxTest.launchUrl(TextBoxTest.java:14)
at tests.TextBoxTest.launchUrl(TextBoxTest.java:14)
at tests.TextBoxTest.launchUrl(TextBoxTest.java:14)
at tests.TextBoxTest.launchUrl(TextBoxTest.java:14)
at tests.TextBoxTest.launchUrl(TextBoxTest.java:14)
at tests.TextBoxTest.launchUrl(TextBoxTest.java:14)
at tests.TextBoxTest.launchUrl(TextBoxTest.java:14)
at tests.TextBoxTest.launchUrl(TextBoxTest.java:14)
at tests.TextBoxTest.launchUrl(TextBoxTest.java:14)
at tests.TextBoxTest.launchUrl(TextBoxTest.java:14)
at tests.TextBoxTest.launchUrl(TextBoxTest.java:14)
at tests.TextBoxTest.launchUrl(TextBoxTest.java:14)
at tests.TextBoxTest.launchUrl(TextBoxTest.java:14)
at tests.TextBoxTest.launchUrl(TextBoxTest.java:14)
at tests.TextBoxTest.launchUrl(TextBoxTest.java:14)
at tests.TextBoxTest.launchUrl(TextBoxTest.java:14)
at tests.TextBoxTest.launchUrl(TextBoxTest.java:14)
at tests.TextBoxTest.launchUrl(TextBoxTest.java:14)
at tests.TextBoxTest.launchUrl(TextBoxTest.java:14)
at tests.TextBoxTest.launchUrl(TextBoxTest.java:14)
at tests.TextBoxTest.launchUrl(TextBoxTest.java:14)
at tests.TextBoxTest.launchUrl(TextBoxTest.java:14)
at tests.TextBoxTest.launchUrl(TextBoxTest.java:14)
at tests.TextBoxTest.launchUrl(TextBoxTest.java:14)
at tests.TextBoxTest.launchUrl(TextBoxTest.java:14)
at tests.TextBoxTest.launchUrl(TextBoxTest.java:14)
at tests.TextBoxTest.launchUrl(TextBoxTest.java:14)
at tests.TextBoxTest.launchUrl(TextBoxTest.java:14)
at tests.TextBoxTest.launchUrl(TextBoxTest.java:14)
at tests.TextBoxTest.launchUrl(TextBoxTest.java:14)
at tests.TextBoxTest.launchUrl(TextBoxTest.java:14)
at tests.TextBoxTest.launchUrl(TextBoxTest.java:14)
at tests.TextBoxTest.launchUrl(TextBoxTest.java:14)
at tests.TextBoxTest.launchUrl(TextBoxTest.java:14)
at tests.TextBoxTest.launchUrl(TextBoxTest.java:14)
at tests.TextBoxTest.launchUrl(TextBoxTest.java:14)
at tests.TextBoxTest.launchUrl(TextBoxTest.java:14)
at tests.TextBoxTest.launchUrl(TextBoxTest.java:14)
at tests.TextBoxTest.launchUrl(TextBoxTest.java:14)
at tests.TextBoxTest.launchUrl(TextBoxTest.java:14)
at tests.TextBoxTest.launchUrl(TextBoxTest.java:14)
at tests.TextBoxTest.launchUrl(TextBoxTest.java:14)
at tests.TextBoxTest.launchUrl(TextBoxTest.java:14)
at tests.TextBoxTest.launchUrl(TextBoxTest.java:14)
at tests.TextBoxTest.launchUrl(TextBoxTest.java:14)
at tests.TextBoxTest.launchUrl(TextBoxTest.java:14)
at tests.TextBoxTest.launchUrl(TextBoxTest.java:14)
at tests.TextBoxTest.launchUrl(TextBoxTest.java:14)
at tests.TextBoxTest.launchUrl(TextBoxTest.java:14)
at tests.TextBoxTest.launchUrl(TextBoxTest.java:14)
at tests.TextBoxTest.launchUrl(TextBoxTest.java:14)
at tests.TextBoxTest.launchUrl(TextBoxTest.java:14)
at tests.TextBoxTest.launchUrl(TextBoxTest.java:14)
at tests.TextBoxTest.launchUrl(TextBoxTest.java:14)
at tests.TextBoxTest.launchUrl(TextBoxTest.java:14)
at tests.TextBoxTest.launchUrl(TextBoxTest.java:14)
at tests.TextBoxTest.launchUrl(TextBoxTest.java:14)
at tests.TextBoxTest.launchUrl(TextBoxTest.java:14)
at tests.TextBoxTest.launchUrl(TextBoxTest.java:14)
at tests.TextBoxTest.launchUrl(TextBoxTest.java:14)
at tests.TextBoxTest.launchUrl(TextBoxTest.java:14)
at tests.TextBoxTest.launchUrl(TextBoxTest.java:14)
at tests.TextBoxTest.launchUrl(TextBoxTest.java:14)
at tests.TextBoxTest.launchUrl(TextBoxTest.java:14)
at tests.TextBoxTest.launchUrl(TextBoxTest.java:14)
at tests.TextBoxTest.launchUrl(TextBoxTest.java:14)
at tests.TextBoxTest.launchUrl(TextBoxTest.java:14)
at tests.TextBoxTest.launchUrl(TextBoxTest.java:14)
at tests.TextBoxTest.launchUrl(TextBoxTest.java:14)
at tests.TextBoxTest.launchUrl(TextBoxTest.java:14)
at tests.TextBoxTest.launchUrl(TextBoxTest.java:14)
at tests.TextBoxTest.launchUrl(TextBoxTest.java:14)
at tests.TextBoxTest.launchUrl(TextBoxTest.java:14)
at tests.TextBoxTest.launchUrl(TextBoxTest.java:14)
at tests.TextBoxTest.launchUrl(TextBoxTest.java:14)
at tests.TextBoxTest.launchUrl(TextBoxTest.java:14)
at tests.TextBoxTest.launchUrl(TextBoxTest.java:14)
at tests.TextBoxTest.launchUrl(TextBoxTest.java:14)
at tests.TextBoxTest.launchUrl(TextBoxTest.java:14)
at tests.TextBoxTest.launchUrl(TextBoxTest.java:14)
at tests.TextBoxTest.launchUrl(TextBoxTest.java:14)
at tests.TextBoxTest.launchUrl(TextBoxTest.java:14)
at tests.TextBoxTest.launchUrl(TextBoxTest.java:14)
at tests.TextBoxTest.launchUrl(TextBoxTest.java:14)
at tests.TextBoxTest.launchUrl(TextBoxTest.java:14)
at tests.TextBoxTest.launchUrl(TextBoxTest.java:14)
at tests.TextBoxTest.launchUrl(TextBoxTest.java:14)
at tests.TextBoxTest.launchUrl(TextBoxTest.java:14)
at tests.TextBoxTest.launchUrl(TextBoxTest.java:14)
at tests.TextBoxTest.launchUrl(TextBoxTest.java:14)
at tests.TextBoxTest.launchUrl(TextBoxTest.java:14)
at tests.TextBoxTest.launchUrl(TextBoxTest.java:14)
at tests.TextBoxTest.launchUrl(TextBoxTest.java:14)
at tests.TextBoxTest.launchUrl(TextBoxTest.java:14)
at tests.TextBoxTest.launchUrl(TextBoxTest.java:14)
at tests.TextBoxTest.launchUrl(TextBoxTest.java:14)
at tests.TextBoxTest.launchUrl(TextBoxTest.java:14)
at tests.TextBoxTest.launchUrl(TextBoxTest.java:14)
at tests.TextBoxTest.launchUrl(TextBoxTest.java:14)
at tests.TextBoxTest.launchUrl(TextBoxTest.java:14)
at tests.TextBoxTest.launchUrl(TextBoxTest.java:14)
at tests.TextBoxTest.launchUrl(TextBoxTest.java:14)
at tests.TextBoxTest.launchUrl(TextBoxTest.java:14)
at tests.TextBoxTest.launchUrl(TextBoxTest.java:14)
at tests.TextBoxTest.launchUrl(TextBoxTest.java:14)
at tests.TextBoxTest.launchUrl(TextBoxTest.java:14)
at tests.TextBoxTest.launchUrl(TextBoxTest.java:14)
at tests.TextBoxTest.launchUrl(TextBoxTest.java:14)
at tests.TextBoxTest.launchUrl(TextBoxTest.java:14)
at tests.TextBoxTest.launchUrl(TextBoxTest.java:14)
at tests.TextBoxTest.launchUrl(TextBoxTest.java:14)
at tests.TextBoxTest.launchUrl(TextBoxTest.java:14)
at tests.TextBoxTest.launchUrl(TextBoxTest.java:14)
at tests.TextBoxTest.launchUrl(TextBoxTest.java:14)
at tests.TextBoxTest.launchUrl(TextBoxTest.java:14)
at tests.TextBoxTest.launchUrl(TextBoxTest.java:14)
at tests.TextBoxTest.launchUrl(TextBoxTest.java:14)
at tests.TextBoxTest.launchUrl(TextBoxTest.java:14)
at tests.TextBoxTest.launchUrl(TextBoxTest.java:14)
at tests.TextBoxTest.launchUrl(TextBoxTest.java:14)
at tests.TextBoxTest.launchUrl(TextBoxTest.java:14)
at tests.TextBoxTest.launchUrl(TextBoxTest.java:14)
at tests.TextBoxTest.launchUrl(TextBoxTest.java:14)
at tests.TextBoxTest.launchUrl(TextBoxTest.java:14)
at tests.TextBoxTest.launchUrl(TextBoxTest.java:14)
at tests.TextBoxTest.launchUrl(TextBoxTest.java:14)
at tests.TextBoxTest.launchUrl(TextBoxTest.java:14)
at tests.TextBoxTest.launchUrl(TextBoxTest.java:14)
at tests.TextBoxTest.launchUrl(TextBoxTest.java:14)
at tests.TextBoxTest.launchUrl(TextBoxTest.java:14)
at tests.TextBoxTest.launchUrl(TextBoxTest.java:14)
at tests.TextBoxTest.launchUrl(TextBoxTest.java:14)
at tests.TextBoxTest.launchUrl(TextBoxTest.java:14)
at tests.TextBoxTest.launchUrl(TextBoxTest.java:14)
at tests.TextBoxTest.launchUrl(TextBoxTest.java:14)
at tests.TextBoxTest.launchUrl(TextBoxTest.java:14)
at tests.TextBoxTest.launchUrl(TextBoxTest.java:14)
at tests.TextBoxTest.launchUrl(TextBoxTest.java:14)
at tests.TextBoxTest.launchUrl(TextBoxTest.java:14)
at tests.TextBoxTest.launchUrl(TextBoxTest.java:14)
at tests.TextBoxTest.launchUrl(TextBoxTest.java:14)
at tests.TextBoxTest.launchUrl(TextBoxTest.java:14)
at tests.TextBoxTest.launchUrl(TextBoxTest.java:14)
at tests.TextBoxTest.launchUrl(TextBoxTest.java:14)
at tests.TextBoxTest.launchUrl(TextBoxTest.java:14)
at tests.TextBoxTest.launchUrl(TextBoxTest.java:14)
at tests.TextBoxTest.launchUrl(TextBoxTest.java:14)
at tests.TextBoxTest.launchUrl(TextBoxTest.java:14)
at tests.TextBoxTest.launchUrl(TextBoxTest.java:14)
at tests.TextBoxTest.launchUrl(TextBoxTest.java:14)
at tests.TextBoxTest.launchUrl(TextBoxTest.java:14)
at tests.TextBoxTest.launchUrl(TextBoxTest.java:14)
at tests.TextBoxTest.launchUrl(TextBoxTest.java:14)
at tests.TextBoxTest.launchUrl(TextBoxTest.java:14)
at tests.TextBoxTest.launchUrl(TextBoxTest.java:14)
at tests.TextBoxTest.launchUrl(TextBoxTest.java:14)
at tests.TextBoxTest.launchUrl(TextBoxTest.java:14)
at tests.TextBoxTest.launchUrl(TextBoxTest.java:14)
at tests.TextBoxTest.launchUrl(TextBoxTest.java:14)
at tests.TextBoxTest.launchUrl(TextBoxTest.java:14)
at tests.TextBoxTest.launchUrl(TextBoxTest.java:14)
at tests.TextBoxTest.launchUrl(TextBoxTest.java:14)
at tests.TextBoxTest.launchUrl(TextBoxTest.java:14)
at tests.TextBoxTest.launchUrl(TextBoxTest.java:14)
at tests.TextBoxTest.launchUrl(TextBoxTest.java:14)
at tests.TextBoxTest.launchUrl(TextBoxTest.java:14)
at tests.TextBoxTest.launchUrl(TextBoxTest.java:14)
at tests.TextBoxTest.launchUrl(TextBoxTest.java:14)
at tests.TextBoxTest.launchUrl(TextBoxTest.java:14)
at tests.TextBoxTest.launchUrl(TextBoxTest.java:14)
at tests.TextBoxTest.launchUrl(TextBoxTest.java:14)
at tests.TextBoxTest.launchUrl(TextBoxTest.java:14)
at tests.TextBoxTest.launchUrl(TextBoxTest.java:14)
at tests.TextBoxTest.launchUrl(TextBoxTest.java:14)
at tests.TextBoxTest.launchUrl(TextBoxTest.java:14)
at tests.TextBoxTest.launchUrl(TextBoxTest.java:14)
at tests.TextBoxTest.launchUrl(TextBoxTest.java:14)
at tests.TextBoxTest.launchUrl(TextBoxTest.java:14)
at tests.TextBoxTest.launchUrl(TextBoxTest.java:14)
at tests.TextBoxTest.launchUrl(TextBoxTest.java:14)
at tests.TextBoxTest.launchUrl(TextBoxTest.java:14)
at tests.TextBoxTest.launchUrl(TextBoxTest.java:14)
at tests.TextBoxTest.launchUrl(TextBoxTest.java:14)
at tests.TextBoxTest.launchUrl(TextBoxTest.java:14)
at tests.TextBoxTest.launchUrl(TextBoxTest.java:14)
at tests.TextBoxTest.launchUrl(TextBoxTest.java:14)
at tests.TextBoxTest.launchUrl(TextBoxTest.java:14)
at tests.TextBoxTest.launchUrl(TextBoxTest.java:14)
at tests.TextBoxTest.launchUrl(TextBoxTest.java:14)
at tests.TextBoxTest.launchUrl(TextBoxTest.java:14)
at tests.TextBoxTest.launchUrl(TextBoxTest.java:14)
at tests.TextBoxTest.launchUrl(TextBoxTest.java:14)
at tests.TextBoxTest.launchUrl(TextBoxTest.java:14)
at tests.TextBoxTest.launchUrl(TextBoxTest.java:14)
at tests.TextBoxTest.launchUrl(TextBoxTest.java:14)
at tests.TextBoxTest.launchUrl(TextBoxTest.java:14)
at tests.TextBoxTest.launchUrl(TextBoxTest.java:14)
at tests.TextBoxTest.launchUrl(TextBoxTest.java:14)
at tests.TextBoxTest.launchUrl(TextBoxTest.java:14)
at tests.TextBoxTest.launchUrl(TextBoxTest.java:14)
at tests.TextBoxTest.launchUrl(TextBoxTest.java:14)
at tests.TextBoxTest.launchUrl(TextBoxTest.java:14)
at tests.TextBoxTest.launchUrl(TextBoxTest.java:14)
at tests.TextBoxTest.launchUrl(TextBoxTest.java:14)
at tests.TextBoxTest.launchUrl(TextBoxTest.java:14)
at tests.TextBoxTest.launchUrl(TextBoxTest.java:14)
at tests.TextBoxTest.launchUrl(TextBoxTest.java:14)
at tests.TextBoxTest.launchUrl(TextBoxTest.java:14)
at tests.TextBoxTest.launchUrl(TextBoxTest.java:14)
at tests.TextBoxTest.launchUrl(TextBoxTest.java:14)
at tests.TextBoxTest.launchUrl(TextBoxTest.java:14)
at tests.TextBoxTest.launchUrl(TextBoxTest.java:14)
at tests.TextBoxTest.launchUrl(TextBoxTest.java:14)
at tests.TextBoxTest.launchUrl(TextBoxTest.java:14)
at tests.TextBoxTest.launchUrl(TextBoxTest.java:14)
at tests.TextBoxTest.launchUrl(TextBoxTest.java:14)
at tests.TextBoxTest.launchUrl(TextBoxTest.java:14)
at tests.TextBoxTest.launchUrl(TextBoxTest.java:14)
at tests.TextBoxTest.launchUrl(TextBoxTest.java:14)
at tests.TextBoxTest.launchUrl(TextBoxTest.java:14)
at tests.TextBoxTest.launchUrl(TextBoxTest.java:14)
at tests.TextBoxTest.launchUrl(TextBoxTest.java:14)
at tests.TextBoxTest.launchUrl(TextBoxTest.java:14)
at tests.TextBoxTest.launchUrl(TextBoxTest.java:14)
at tests.TextBoxTest.launchUrl(TextBoxTest.java:14)
at tests.TextBoxTest.launchUrl(TextBoxTest.java:14)
at tests.TextBoxTest.launchUrl(TextBoxTest.java:14)
at tests.TextBoxTest.launchUrl(TextBoxTest.java:14)
at tests.TextBoxTest.launchUrl(TextBoxTest.java:14)
at tests.TextBoxTest.launchUrl(TextBoxTest.java:14)
at tests.TextBoxTest.launchUrl(TextBoxTest.java:14)
at tests.TextBoxTest.launchUrl(TextBoxTest.java:14)
at tests.TextBoxTest.launchUrl(TextBoxTest.java:14)
at tests.TextBoxTest.launchUrl(TextBoxTest.java:14)
at tests.TextBoxTest.launchUrl(TextBoxTest.java:14)
at tests.TextBoxTest.launchUrl(TextBoxTest.java:14)
at tests.TextBoxTest.launchUrl(TextBoxTest.java:14)
at tests.TextBoxTest.launchUrl(TextBoxTest.java:14)
at tests.TextBoxTest.launchUrl(TextBoxTest.java:14)
at tests.TextBoxTest.launchUrl(TextBoxTest.java:14)
at tests.TextBoxTest.launchUrl(TextBoxTest.java:14)
at tests.TextBoxTest.launchUrl(TextBoxTest.java:14)
at tests.TextBoxTest.launchUrl(TextBoxTest.java:14)
at tests.TextBoxTest.launchUrl(TextBoxTest.java:14)
at tests.TextBoxTest.launchUrl(TextBoxTest.java:14)
at tests.TextBoxTest.launchUrl(TextBoxTest.java:14)
at tests.TextBoxTest.launchUrl(TextBoxTest.java:14)
at tests.TextBoxTest.launchUrl(TextBoxTest.java:14)
at tests.TextBoxTest.launchUrl(TextBoxTest.java:14)
at tests.TextBoxTest.launchUrl(TextBoxTest.java:14)
at tests.TextBoxTest.launchUrl(TextBoxTest.java:14)
at tests.TextBoxTest.launchUrl(TextBoxTest.java:14)
at tests.TextBoxTest.launchUrl(TextBoxTest.java:14)
at tests.TextBoxTest.launchUrl(TextBoxTest.java:14)
at tests.TextBoxTest.launchUrl(TextBoxTest.java:14)
at tests.TextBoxTest.launchUrl(TextBoxTest.java:14)
at tests.TextBoxTest.launchUrl(TextBoxTest.java:14)
at tests.TextBoxTest.launchUrl(TextBoxTest.java:14)
at tests.TextBoxTest.launchUrl(TextBoxTest.java:14)
at tests.TextBoxTest.launchUrl(TextBoxTest.java:14)
at tests.TextBoxTest.launchUrl(TextBoxTest.java:14)
at tests.TextBoxTest.launchUrl(TextBoxTest.java:14)
at tests.TextBoxTest.launchUrl(TextBoxTest.java:14)
at tests.TextBoxTest.launchUrl(TextBoxTest.java:14)
at tests.TextBoxTest.launchUrl(TextBoxTest.java:14)
at tests.TextBoxTest.launchUrl(TextBoxTest.java:14)
at tests.TextBoxTest.launchUrl(TextBoxTest.java:14)
at tests.TextBoxTest.launchUrl(TextBoxTest.java:14)
at tests.TextBoxTest.launchUrl(TextBoxTest.java:14)
at tests.TextBoxTest.launchUrl(TextBoxTest.java:14)
at tests.TextBoxTest.launchUrl(TextBoxTest.java:14)
at tests.TextBoxTest.launchUrl(TextBoxTest.java:14)
at tests.TextBoxTest.launchUrl(TextBoxTest.java:14)
at tests.TextBoxTest.launchUrl(TextBoxTest.java:14)
at tests.TextBoxTest.launchUrl(TextBoxTest.java:14)
at tests.TextBoxTest.launchUrl(TextBoxTest.java:14)
at tests.TextBoxTest.launchUrl(TextBoxTest.java:14)
at tests.TextBoxTest.launchUrl(TextBoxTest.java:14)
at tests.TextBoxTest.launchUrl(TextBoxTest.java:14)
at tests.TextBoxTest.launchUrl(TextBoxTest.java:14)
at tests.TextBoxTest.launchUrl(TextBoxTest.java:14)
at tests.TextBoxTest.launchUrl(TextBoxTest.java:14)
at tests.TextBoxTest.launchUrl(TextBoxTest.java:14)
at tests.TextBoxTest.launchUrl(TextBoxTest.java:14)
at tests.TextBoxTest.launchUrl(TextBoxTest.java:14)
at tests.TextBoxTest.launchUrl(TextBoxTest.java:14)
at tests.TextBoxTest.launchUrl(TextBoxTest.java:14)
at tests.TextBoxTest.launchUrl(TextBoxTest.java:14)
at tests.TextBoxTest.launchUrl(TextBoxTest.java:14)
at tests.TextBoxTest.launchUrl(TextBoxTest.java:14)
at tests.TextBoxTest.launchUrl(TextBoxTest.java:14)
at tests.TextBoxTest.launchUrl(TextBoxTest.java:14)
at tests.TextBoxTest.launchUrl(TextBoxTest.java:14)
at tests.TextBoxTest.launchUrl(TextBoxTest.java:14)
at tests.TextBoxTest.launchUrl(TextBoxTest.java:14)
at tests.TextBoxTest.launchUrl(TextBoxTest.java:14)
at tests.TextBoxTest.launchUrl(TextBoxTest.java:14)
at tests.TextBoxTest.launchUrl(TextBoxTest.java:14)
at tests.TextBoxTest.launchUrl(TextBoxTest.java:14)
at tests.TextBoxTest.launchUrl(TextBoxTest.java:14)
at tests.TextBoxTest.launchUrl(TextBoxTest.java:14)
at tests.TextBoxTest.launchUrl(TextBoxTest.java:14)
at tests.TextBoxTest.launchUrl(TextBoxTest.java:14)
at tests.TextBoxTest.launchUrl(TextBoxTest.java:14)
at tests.TextBoxTest.launchUrl(TextBoxTest.java:14)
at tests.TextBoxTest.launchUrl(TextBoxTest.java:14)
at tests.TextBoxTest.launchUrl(TextBoxTest.java:14)
at tests.TextBoxTest.launchUrl(TextBoxTest.java:14)
at tests.TextBoxTest.launchUrl(TextBoxTest.java:14)
at tests.TextBoxTest.launchUrl(TextBoxTest.java:14)
at tests.TextBoxTest.launchUrl(TextBoxTest.java:14)
at tests.TextBoxTest.launchUrl(TextBoxTest.java:14)
at tests.TextBoxTest.launchUrl(TextBoxTest.java:14)
at tests.TextBoxTest.launchUrl(TextBoxTest.java:14)
at tests.TextBoxTest.launchUrl(TextBoxTest.java:14)
at tests.TextBoxTest.launchUrl(TextBoxTest.java:14)
at tests.TextBoxTest.launchUrl(TextBoxTest.java:14)
at tests.TextBoxTest.launchUrl(TextBoxTest.java:14)
at tests.TextBoxTest.launchUrl(TextBoxTest.java:14)
at tests.TextBoxTest.launchUrl(TextBoxTest.java:14)
at tests.TextBoxTest.launchUrl(TextBoxTest.java:14)
at tests.TextBoxTest.launchUrl(TextBoxTest.java:14)
at tests.TextBoxTest.launchUrl(TextBoxTest.java:14)
at tests.TextBoxTest.launchUrl(TextBoxTest.java:14)
at tests.TextBoxTest.launchUrl(TextBoxTest.java:14)
at tests.TextBoxTest.launchUrl(TextBoxTest.java:14)
at tests.TextBoxTest.launchUrl(TextBoxTest.java:14)
at tests.TextBoxTest.launchUrl(TextBoxTest.java:14)
at tests.TextBoxTest.launchUrl(TextBoxTest.java:14)
at tests.TextBoxTest.launchUrl(TextBoxTest.java:14)
at tests.TextBoxTest.launchUrl(TextBoxTest.java:14)
at tests.TextBoxTest.launchUrl(TextBoxTest.java:14)
at tests.TextBoxTest.launchUrl(TextBoxTest.java:14)
at tests.TextBoxTest.launchUrl(TextBoxTest.java:14)
at tests.TextBoxTest.launchUrl(TextBoxTest.java:14)
at tests.TextBoxTest.launchUrl(TextBoxTest.java:14)
at tests.TextBoxTest.launchUrl(TextBoxTest.java:14)
at tests.TextBoxTest.launchUrl(TextBoxTest.java:14)
at tests.TextBoxTest.launchUrl(TextBoxTest.java:14)
at tests.TextBoxTest.launchUrl(TextBoxTest.java:14)
at tests.TextBoxTest.launchUrl(TextBoxTest.java:14)
at tests.TextBoxTest.launchUrl(TextBoxTest.java:14)
at tests.TextBoxTest.launchUrl(TextBoxTest.java:14)
at tests.TextBoxTest.launchUrl(TextBoxTest.java:14)
at tests.TextBoxTest.launchUrl(TextBoxTest.java:14)
at tests.TextBoxTest.launchUrl(TextBoxTest.java:14)
at tests.TextBoxTest.launchUrl(TextBoxTest.java:14)
at tests.TextBoxTest.launchUrl(TextBoxTest.java:14)
at tests.TextBoxTest.launchUrl(TextBoxTest.java:14)
at tests.TextBoxTest.launchUrl(TextBoxTest.java:14)
at tests.TextBoxTest.launchUrl(TextBoxTest.java:14)
at tests.TextBoxTest.launchUrl(TextBoxTest.java:14)
at tests.TextBoxTest.launchUrl(TextBoxTest.java:14)
at tests.TextBoxTest.launchUrl(TextBoxTest.java:14)
at tests.TextBoxTest.launchUrl(TextBoxTest.java:14)
at tests.TextBoxTest.launchUrl(TextBoxTest.java:14)
at tests.TextBoxTest.launchUrl(TextBoxTest.java:14)
at tests.TextBoxTest.launchUrl(TextBoxTest.java:14)
at tests.TextBoxTest.launchUrl(TextBoxTest.java:14)
at tests.TextBoxTest.launchUrl(TextBoxTest.java:14)
at tests.TextBoxTest.launchUrl(TextBoxTest.java:14)
at tests.TextBoxTest.launchUrl(TextBoxTest.java:14)
at tests.TextBoxTest.launchUrl(TextBoxTest.java:14)
at tests.TextBoxTest.launchUrl(TextBoxTest.java:14)
at tests.TextBoxTest.launchUrl(TextBoxTest.java:14)
at tests.TextBoxTest.launchUrl(TextBoxTest.java:14)
at tests.TextBoxTest.launchUrl(TextBoxTest.java:14)
at tests.TextBoxTest.launchUrl(TextBoxTest.java:14)
at tests.TextBoxTest.launchUrl(TextBoxTest.java:14)
at tests.TextBoxTest.launchUrl(TextBoxTest.java:14)
at tests.TextBoxTest.launchUrl(TextBoxTest.java:14)
at tests.TextBoxTest.launchUrl(TextBoxTest.java:14)
at tests.TextBoxTest.launchUrl(TextBoxTest.java:14)
at tests.TextBoxTest.launchUrl(TextBoxTest.java:14)
at tests.TextBoxTest.launchUrl(TextBoxTest.java:14)
at tests.TextBoxTest.launchUrl(TextBoxTest.java:14)
at tests.TextBoxTest.launchUrl(TextBoxTest.java:14)
at tests.TextBoxTest.launchUrl(TextBoxTest.java:14)
at tests.TextBoxTest.launchUrl(TextBoxTest.java:14)
at tests.TextBoxTest.launchUrl(TextBoxTest.java:14)
at tests.TextBoxTest.launchUrl(TextBoxTest.java:14)
at tests.TextBoxTest.launchUrl(TextBoxTest.java:14)
at tests.TextBoxTest.launchUrl(TextBoxTest.java:14)
at tests.TextBoxTest.launchUrl(TextBoxTest.java:14)
at tests.TextBoxTest.launchUrl(TextBoxTest.java:14)
at tests.TextBoxTest.launchUrl(TextBoxTest.java:14)
at tests.TextBoxTest.launchUrl(TextBoxTest.java:14)
at tests.TextBoxTest.launchUrl(TextBoxTest.java:14)
at tests.TextBoxTest.launchUrl(TextBoxTest.java:14)
at tests.TextBoxTest.launchUrl(TextBoxTest.java:14)
at tests.TextBoxTest.launchUrl(TextBoxTest.java:14)
at tests.TextBoxTest.launchUrl(TextBoxTest.java:14)
at tests.TextBoxTest.launchUrl(TextBoxTest.java:14)
at tests.TextBoxTest.launchUrl(TextBoxTest.java:14)
at tests.TextBoxTest.launchUrl(TextBoxTest.java:14)
at tests.TextBoxTest.launchUrl(TextBoxTest.java:14)
at tests.TextBoxTest.launchUrl(TextBoxTest.java:14)
at tests.TextBoxTest.launchUrl(TextBoxTest.java:14)
at tests.TextBoxTest.launchUrl(TextBoxTest.java:14)
at tests.TextBoxTest.launchUrl(TextBoxTest.java:14)
at tests.TextBoxTest.launchUrl(TextBoxTest.java:14)
at tests.TextBoxTest.launchUrl(TextBoxTest.java:14)
at tests.TextBoxTest.launchUrl(TextBoxTest.java:14)
at tests.TextBoxTest.launchUrl(TextBoxTest.java:14)
at tests.TextBoxTest.launchUrl(TextBoxTest.java:14)
at tests.TextBoxTest.launchUrl(TextBoxTest.java:14)
at tests.TextBoxTest.launchUrl(TextBoxTest.java:14)
at tests.TextBoxTest.launchUrl(TextBoxTest.java:14)
at tests.TextBoxTest.launchUrl(TextBoxTest.java:14)
at tests.TextBoxTest.launchUrl(TextBoxTest.java:14)
at tests.TextBoxTest.launchUrl(TextBoxTest.java:14)
at tests.TextBoxTest.launchUrl(TextBoxTest.java:14)
at tests.TextBoxTest.launchUrl(TextBoxTest.java:14)
at tests.TextBoxTest.launchUrl(TextBoxTest.java:14)
at tests.TextBoxTest.launchUrl(TextBoxTest.java:14)
at tests.TextBoxTest.launchUrl(TextBoxTest.java:14)
at tests.TextBoxTest.launchUrl(TextBoxTest.java:14)
at tests.TextBoxTest.launchUrl(TextBoxTest.java:14)
at tests.TextBoxTest.launchUrl(TextBoxTest.java:14)
at tests.TextBoxTest.launchUrl(TextBoxTest.java:14)
at tests.TextBoxTest.launchUrl(TextBoxTest.java:14)
at tests.TextBoxTest.launchUrl(TextBoxTest.java:14)
at tests.TextBoxTest.launchUrl(TextBoxTest.java:14)
at tests.TextBoxTest.launchUrl(TextBoxTest.java:14)
at tests.TextBoxTest.launchUrl(TextBoxTest.java:14)
at tests.TextBoxTest.launchUrl(TextBoxTest.java:14)
at tests.TextBoxTest.launchUrl(TextBoxTest.java:14)
at tests.TextBoxTest.launchUrl(TextBoxTest.java:14)
at tests.TextBoxTest.launchUrl(TextBoxTest.java:14)
at tests.TextBoxTest.launchUrl(TextBoxTest.java:14)
at tests.TextBoxTest.launchUrl(TextBoxTest.java:14)
at tests.TextBoxTest.launchUrl(TextBoxTest.java:14)
at tests.TextBoxTest.launchUrl(TextBoxTest.java:14)
at tests.TextBoxTest.launchUrl(TextBoxTest.java:14)
at tests.TextBoxTest.launchUrl(TextBoxTest.java:14)
at tests.TextBoxTest.launchUrl(TextBoxTest.java:14)
at tests.TextBoxTest.launchUrl(TextBoxTest.java:14)
at tests.TextBoxTest.launchUrl(TextBoxTest.java:14)
at tests.TextBoxTest.launchUrl(TextBoxTest.java:14)
at tests.TextBoxTest.launchUrl(TextBoxTest.java:14)
at tests.TextBoxTest.launchUrl(TextBoxTest.java:14)
at tests.TextBoxTest.launchUrl(TextBoxTest.java:14)
at tests.TextBoxTest.launchUrl(TextBoxTest.java:14)
at tests.TextBoxTest.launchUrl(TextBoxTest.java:14)
at tests.TextBoxTest.launchUrl(TextBoxTest.java:14)
at tests.TextBoxTest.launchUrl(TextBoxTest.java:14)
at tests.TextBoxTest.launchUrl(TextBoxTest.java:14)
at tests.TextBoxTest.launchUrl(TextBoxTest.java:14)
at tests.TextBoxTest.launchUrl(TextBoxTest.java:14)
at tests.TextBoxTest.launchUrl(TextBoxTest.java:14)
at tests.TextBoxTest.launchUrl(TextBoxTest.java:14)
at tests.TextBoxTest.launchUrl(TextBoxTest.java:14)
at tests.TextBoxTest.launchUrl(TextBoxTest.java:14)
at tests.TextBoxTest.launchUrl(TextBoxTest.java:14)
at tests.TextBoxTest.launchUrl(TextBoxTest.java:14)
at tests.TextBoxTest.launchUrl(TextBoxTest.java:14)
at tests.TextBoxTest.launchUrl(TextBoxTest.java:14)
at tests.TextBoxTest.launchUrl(TextBoxTest.java:14)
at tests.TextBoxTest.launchUrl(TextBoxTest.java:14)
at tests.TextBoxTest.launchUrl(TextBoxTest.java:14)
at tests.TextBoxTest.launchUrl(TextBoxTest.java:14)
at tests.TextBoxTest.launchUrl(TextBoxTest.java:14)
at tests.TextBoxTest.launchUrl(TextBoxTest.java:14)
at tests.TextBoxTest.launchUrl(TextBoxTest.java:14)
at tests.TextBoxTest.launchUrl(TextBoxTest.java:14)
at tests.TextBoxTest.launchUrl(TextBoxTest.java:14)
at tests.TextBoxTest.launchUrl(TextBoxTest.java:14)
at tests.TextBoxTest.launchUrl(TextBoxTest.java:14)
at tests.TextBoxTest.launchUrl(TextBoxTest.java:14)
at tests.TextBoxTest.launchUrl(TextBoxTest.java:14)
at tests.TextBoxTest.launchUrl(TextBoxTest.java:14)
at tests.TextBoxTest.launchUrl(TextBoxTest.java:14)
at tests.TextBoxTest.launchUrl(TextBoxTest.java:14)
at tests.TextBoxTest.launchUrl(TextBoxTest.java:14)
at tests.TextBoxTest.launchUrl(TextBoxTest.java:14)
at tests.TextBoxTest.launchUrl(TextBoxTest.java:14)
at tests.TextBoxTest.launchUrl(TextBoxTest.java:14)
at tests.TextBoxTest.launchUrl(TextBoxTest.java:14)
at tests.TextBoxTest.launchUrl(TextBoxTest.java:14)
at tests.TextBoxTest.launchUrl(TextBoxTest.java:14)
at tests.TextBoxTest.launchUrl(TextBoxTest.java:14)
at tests.TextBoxTest.launchUrl(TextBoxTest.java:14)
at tests.TextBoxTest.launchUrl(TextBoxTest.java:14)
at tests.TextBoxTest.launchUrl(TextBoxTest.java:14)
at tests.TextBoxTest.launchUrl(TextBoxTest.java:14)
at tests.TextBoxTest.launchUrl(TextBoxTest.java:14)
at tests.TextBoxTest.launchUrl(TextBoxTest.java:14)
at tests.TextBoxTest.launchUrl(TextBoxTest.java:14)
at tests.TextBoxTest.launchUrl(TextBoxTest.java:14)
at tests.TextBoxTest.launchUrl(TextBoxTest.java:14)
at tests.TextBoxTest.launchUrl(TextBoxTest.java:14)
at tests.TextBoxTest.launchUrl(TextBoxTest.java:14)
at tests.TextBoxTest.launchUrl(TextBoxTest.java:14)
at tests.TextBoxTest.launchUrl(TextBoxTest.java:14)
at tests.TextBoxTest.launchUrl(TextBoxTest.java:14)
at tests.TextBoxTest.launchUrl(TextBoxTest.java:14)
at tests.TextBoxTest.launchUrl(TextBoxTest.java:14)
at tests.TextBoxTest.launchUrl(TextBoxTest.java:14)
at tests.TextBoxTest.launchUrl(TextBoxTest.java:14)
at tests.TextBoxTest.launchUrl(TextBoxTest.java:14)
at tests.TextBoxTest.launchUrl(TextBoxTest.java:14)
at tests.TextBoxTest.launchUrl(TextBoxTest.java:14)
at tests.TextBoxTest.launchUrl(TextBoxTest.java:14)
at tests.TextBoxTest.launchUrl(TextBoxTest.java:14)
at tests.TextBoxTest.launchUrl(TextBoxTest.java:14)
at tests.TextBoxTest.launchUrl(TextBoxTest.java:14)
at tests.TextBoxTest.launchUrl(TextBoxTest.java:14)
at tests.TextBoxTest.launchUrl(TextBoxTest.java:14)
at tests.TextBoxTest.launchUrl(TextBoxTest.java:14)
at tests.TextBoxTest.launchUrl(TextBoxTest.java:14)
at tests.TextBoxTest.launchUrl(TextBoxTest.java:14)
at tests.TextBoxTest.launchUrl(TextBoxTest.java:14)
at tests.TextBoxTest.launchUrl(TextBoxTest.java:14)
at tests.TextBoxTest.launchUrl(TextBoxTest.java:14)
at tests.TextBoxTest.launchUrl(TextBoxTest.java:14)
at tests.TextBoxTest.launchUrl(TextBoxTest.java:14)
at tests.TextBoxTest.launchUrl(TextBoxTest.java:14)
at tests.TextBoxTest.launchUrl(TextBoxTest.java:14)
at tests.TextBoxTest.launchUrl(TextBoxTest.java:14)
at tests.TextBoxTest.launchUrl(TextBoxTest.java:14)
at tests.TextBoxTest.launchUrl(TextBoxTest.java:14)
at tests.TextBoxTest.launchUrl(TextBoxTest.java:14)
at tests.TextBoxTest.launchUrl(TextBoxTest.java:14)
at tests.TextBoxTest.launchUrl(TextBoxTest.java:14)
at tests.TextBoxTest.launchUrl(TextBoxTest.java:14)
at tests.TextBoxTest.launchUrl(TextBoxTest.java:14)
at tests.TextBoxTest.launchUrl(TextBoxTest.java:14)
at tests.TextBoxTest.launchUrl(TextBoxTest.java:14)
at tests.TextBoxTest.launchUrl(TextBoxTest.java:14)
at tests.TextBoxTest.launchUrl(TextBoxTest.java:14)
at tests.TextBoxTest.launchUrl(TextBoxTest.java:14)
at tests.TextBoxTest.launchUrl(TextBoxTest.java:14)
at tests.TextBoxTest.launchUrl(TextBoxTest.java:14)
at tests.TextBoxTest.launchUrl(TextBoxTest.java:14)
at tests.TextBoxTest.launchUrl(TextBoxTest.java:14)
at tests.TextBoxTest.launchUrl(TextBoxTest.java:14)
at tests.TextBoxTest.launchUrl(TextBoxTest.java:14)
at tests.TextBoxTest.launchUrl(TextBoxTest.java:14)
at tests.TextBoxTest.launchUrl(TextBoxTest.java:14)
at tests.TextBoxTest.launchUrl(TextBoxTest.java:14)
at tests.TextBoxTest.launchUrl(TextBoxTest.java:14)
at tests.TextBoxTest.launchUrl(TextBoxTest.java:14)
at tests.TextBoxTest.launchUrl(TextBoxTest.java:14)
at tests.TextBoxTest.launchUrl(TextBoxTest.java:14)
at tests.TextBoxTest.launchUrl(TextBoxTest.java:14)
at tests.TextBoxTest.launchUrl(TextBoxTest.java:14)
at tests.TextBoxTest.launchUrl(TextBoxTest.java:14)
at tests.TextBoxTest.launchUrl(TextBoxTest.java:14)
at tests.TextBoxTest.launchUrl(TextBoxTest.java:14)
at tests.TextBoxTest.launchUrl(TextBoxTest.java:14)
at tests.TextBoxTest.launchUrl(TextBoxTest.java:14)
at tests.TextBoxTest.launchUrl(TextBoxTest.java:14)
at tests.TextBoxTest.launchUrl(TextBoxTest.java:14)
at tests.TextBoxTest.launchUrl(TextBoxTest.java:14)
at tests.TextBoxTest.launchUrl(TextBoxTest.java:14)
at tests.TextBoxTest.launchUrl(TextBoxTest.java:14)
at tests.TextBoxTest.launchUrl(TextBoxTest.java:14)
at tests.TextBoxTest.launchUrl(TextBoxTest.java:14)
at tests.TextBoxTest.launchUrl(TextBoxTest.java:14)
at tests.TextBoxTest.launchUrl(TextBoxTest.java:14)
at tests.TextBoxTest.launchUrl(TextBoxTest.java:14)
at tests.TextBoxTest.launchUrl(TextBoxTest.java:14)
at tests.TextBoxTest.launchUrl(TextBoxTest.java:14)
at tests.TextBoxTest.launchUrl(TextBoxTest.java:14)
at tests.TextBoxTest.launchUrl(TextBoxTest.java:14)
at tests.TextBoxTest.launchUrl(TextBoxTest.java:14)
at tests.TextBoxTest.launchUrl(TextBoxTest.java:14)
at tests.TextBoxTest.launchUrl(TextBoxTest.java:14)
at tests.TextBoxTest.launchUrl(TextBoxTest.java:14)
at tests.TextBoxTest.launchUrl(TextBoxTest.java:14)
at tests.TextBoxTest.launchUrl(TextBoxTest.java:14)
at tests.TextBoxTest.launchUrl(TextBoxTest.java:14)
at tests.TextBoxTest.launchUrl(TextBoxTest.java:14)
at tests.TextBoxTest.launchUrl(TextBoxTest.java:14)
at tests.TextBoxTest.launchUrl(TextBoxTest.java:14)
]]>
    </failure>
  </testcase> <!-- @BeforeTest launchUrl -->
  <testcase classname="tests.TextBoxTest" name="clickOnClose" time="0.001">
    <skipped/>
  </testcase> <!-- clickOnClose -->
  <testcase classname="tests.TextBoxTest" name="clickOnPractice" time="0.0">
    <skipped/>
  </testcase> <!-- clickOnPractice -->
  <testcase classname="tests.TextBoxTest" name="clickOnElements" time="0.0">
    <skipped/>
  </testcase> <!-- clickOnElements -->
  <testcase classname="tests.TextBoxTest" name="clickOntextBox" time="0.0">
    <skipped/>
  </testcase> <!-- clickOntextBox -->
</testsuite> <!-- Default test(failed) -->
